\BOOKMARK [1][-]{section.1}{\376\377\000I\000n\000t\000r\000o\000d\000u\000c\000t\000i\000o\000n}{}% 1
\BOOKMARK [1][-]{section.2}{\376\377\000L\000i\000t\000e\000r\000a\000t\000u\000r\000e\000\040\000R\000e\000v\000i\000e\000w}{}% 2
\BOOKMARK [2][-]{subsection.2.1}{\376\377\000L\000i\000n\000e\000a\000r\000\040\000M\000o\000d\000e\000l\000s\000\040\000o\000f\000\040\000C\000o\000s\000t}{section.2}% 3
\BOOKMARK [2][-]{subsection.2.2}{\376\377\000T\000r\000e\000a\000t\000m\000e\000n\000t\000\040\000o\000f\000\040\000U\000n\000c\000e\000r\000t\000a\000i\000n\000t\000y}{section.2}% 4
\BOOKMARK [2][-]{subsection.2.3}{\376\377\000T\000h\000e\000o\000r\000e\000t\000i\000c\000a\000l\000\040\000F\000o\000u\000n\000d\000a\000t\000i\000o\000n\000s\000\040\000o\000f\000\040\000S\000t\000a\000t\000i\000s\000t\000i\000c\000a\000l\000\040\000M\000o\000d\000e\000l\000\040\000S\000e\000l\000e\000c\000t\000i\000o\000n}{section.2}% 5
\BOOKMARK [1][-]{section.3}{\376\377\000D\000a\000t\000a}{}% 6
\BOOKMARK [2][-]{subsection.3.1}{\376\377\000C\000a\000l\000i\000f\000o\000r\000n\000i\000a\000'\000s\000\040\000S\000e\000l\000f\000-\000G\000e\000n\000e\000r\000a\000t\000i\000o\000n\000\040\000I\000n\000c\000e\000n\000t\000i\000v\000e\000\040\000P\000r\000o\000g\000r\000a\000m}{section.3}% 7
\BOOKMARK [2][-]{subsection.3.2}{\376\377\000S\000u\000r\000v\000e\000y\000\040\000o\000f\000\040\000P\000o\000r\000t\000a\000b\000l\000e\000\040\000B\000a\000t\000t\000e\000r\000i\000e\000s}{section.3}% 8
\BOOKMARK [2][-]{subsection.3.3}{\376\377\000L\000a\000w\000r\000e\000n\000c\000e\000\040\000B\000e\000r\000k\000e\000l\000e\000y\000\040\000N\000a\000t\000i\000o\000n\000a\000l\000\040\000L\000a\000b\000o\000r\000a\000t\000o\000r\000y\000'\000s\000\040\000T\000r\000a\000c\000k\000i\000n\000g\000\040\000t\000h\000e\000\040\000S\000u\000n\000\040\000D\000a\000t\000a\000b\000a\000s\000e}{section.3}% 9
\BOOKMARK [2][-]{subsection.3.4}{\376\377\000M\000i\000s\000c\000e\000l\000l\000a\000n\000e\000o\000u\000s\000\040\000E\000c\000o\000n\000o\000m\000i\000c\000\040\000D\000a\000t\000a}{section.3}% 10
\BOOKMARK [1][-]{section.4}{\376\377\000M\000o\000d\000e\000l\000\040\000S\000e\000l\000e\000c\000t\000i\000o\000n}{}% 11
\BOOKMARK [1][-]{section.5}{\376\377\000T\000r\000a\000n\000s\000l\000o\000g\000\040\000M\000o\000d\000e\000l\000\040\000o\000f\000\040\000I\000n\000s\000t\000a\000l\000l\000e\000d\000\040\000C\000o\000s\000t}{}% 12
\BOOKMARK [2][-]{subsection.5.1}{\376\377\000S\000e\000c\000t\000o\000r\000-\000Y\000e\000a\000r\000\040\000F\000i\000x\000e\000d\000\040\000E\000f\000f\000e\000c\000t\000s}{section.5}% 13
\BOOKMARK [2][-]{subsection.5.2}{\376\377\000M\000a\000r\000g\000i\000n\000a\000l\000\040\000C\000o\000s\000t\000\040\000o\000f\000\040\000E\000n\000e\000r\000g\000y\000\040\000C\000a\000p\000a\000c\000i\000t\000y}{section.5}% 14
\BOOKMARK [2][-]{subsection.5.3}{\376\377\000E\000c\000o\000n\000o\000m\000i\000e\000s\000\040\000o\000f\000\040\000S\000c\000a\000l\000e}{section.5}% 15
\BOOKMARK [2][-]{subsection.5.4}{\376\377\000C\000o\000u\000p\000l\000i\000n\000g\000\040\000w\000i\000t\000h\000\040\000D\000i\000s\000t\000r\000i\000b\000u\000t\000e\000d\000\040\000G\000e\000n\000e\000r\000a\000t\000i\000o\000n}{section.5}% 16
\BOOKMARK [2][-]{subsection.5.5}{\376\377\000W\000a\000g\000e\000s\000\040\000o\000f\000\040\000E\000l\000e\000c\000t\000r\000i\000c\000i\000a\000n\000s}{section.5}% 17
\BOOKMARK [1][-]{section.6}{\376\377\000P\000r\000e\000d\000i\000c\000t\000i\000o\000n}{}% 18
\BOOKMARK [2][-]{subsection.6.1}{\376\377\000F\000o\000r\000e\000c\000a\000s\000t\000i\000n\000g}{section.6}% 19
\BOOKMARK [2][-]{subsection.6.2}{\376\377\000P\000r\000e\000d\000i\000c\000t\000i\000o\000n\000\040\000O\000u\000t\000s\000i\000d\000e\000\040\000o\000f\000\040\000C\000a\000l\000i\000f\000o\000r\000n\000i\000a}{section.6}% 20
\BOOKMARK [2][-]{subsection.6.3}{\376\377\000P\000r\000e\000d\000i\000c\000t\000i\000o\000n\000\040\000I\000n\000t\000e\000r\000v\000a\000l\000s}{section.6}% 21
\BOOKMARK [2][-]{subsection.6.4}{\376\377\000F\000o\000r\000e\000c\000a\000s\000t\000\040\000V\000a\000l\000i\000d\000a\000t\000i\000o\000n}{section.6}% 22
\BOOKMARK [2][-]{subsection.6.5}{\376\377\000F\000o\000r\000e\000c\000a\000s\000t\000\040\000V\000a\000l\000i\000d\000a\000t\000i\000o\000n\000\040\000R\000e\000s\000u\000l\000t\000s}{section.6}% 23
\BOOKMARK [1][-]{section.7}{\376\377\000C\000o\000n\000c\000l\000u\000s\000i\000o\000n}{}% 24
\BOOKMARK [1][-]{section.8}{\376\377\000A\000v\000a\000i\000l\000a\000b\000i\000l\000i\000t\000y\000\040\000o\000f\000\040\000D\000a\000t\000a\000\040\000a\000n\000d\000\040\000R\000e\000p\000l\000i\000c\000a\000t\000i\000o\000n\000\040\000C\000o\000d\000e}{}% 25
\BOOKMARK [1][-]{appendix.A}{\376\377\000C\000l\000e\000a\000n\000i\000n\000g\000\040\000t\000h\000e\000\040\000T\000T\000S\000\040\000D\000a\000t\000a\000s\000e\000t\000\040\000a\000n\000d\000\040\000L\000i\000n\000k\000i\000n\000g\000\040\000w\000i\000t\000h\000\040\000S\000G\000I\000P}{}% 26
\BOOKMARK [1][-]{appendix.B}{\376\377\000M\000o\000d\000e\000l\000\040\000S\000e\000l\000e\000c\000t\000i\000o\000n\000\040\000a\000n\000d\000\040\000C\000o\000m\000p\000a\000r\000i\000s\000o\000n}{}% 27
\BOOKMARK [2][-]{subsection.B.1}{\376\377\000M\000o\000d\000e\000l\000\040\000S\000e\000l\000e\000c\000t\000i\000o\000n\000\040\000P\000r\000o\000c\000e\000s\000s}{appendix.B}% 28
\BOOKMARK [2][-]{subsection.B.2}{\376\377\000C\000o\000m\000p\000a\000r\000i\000s\000o\000n\000\040\000o\000f\000\040\000M\000o\000d\000e\000l\000\040\000F\000i\000t}{appendix.B}% 29
\BOOKMARK [2][-]{subsection.B.3}{\376\377\000M\000a\000r\000g\000i\000n\000a\000l\000\040\000C\000o\000s\000t\000\040\000o\000f\000\040\000E\000n\000e\000r\000g\000y\000\040\000C\000a\000p\000a\000c\000i\000t\000y\000:\000\040\000C\000o\000b\000b\000-\000D\000o\000u\000g\000l\000a\000s\000\040\000v\000s\000.\000\040\000T\000r\000a\000n\000s\000l\000o\000g}{appendix.B}% 30
\BOOKMARK [2][-]{subsection.B.4}{\376\377\000E\000v\000i\000d\000e\000n\000c\000e\000\040\000f\000o\000r\000\040\000T\000r\000a\000n\000s\000l\000o\000g\000\040\000f\000r\000o\000m\000\040\000A\000n\000a\000l\000o\000g\000o\000u\000s\000\040\000I\000n\000d\000u\000s\000t\000r\000i\000e\000s}{appendix.B}% 31
\BOOKMARK [2][-]{subsection.B.5}{\376\377\000A\000\040\000L\000i\000n\000e\000a\000r\000\040\000M\000o\000d\000e\000l\000\040\000w\000i\000t\000h\000\040\000T\000i\000m\000e\000-\000V\000a\000r\000y\000i\000n\000g\000\040\000C\000o\000e\000f\000f\000i\000c\000i\000e\000n\000t\000s}{appendix.B}% 32
\BOOKMARK [1][-]{appendix.C}{\376\377\000E\000s\000t\000i\000m\000a\000t\000i\000o\000n\000\040\000R\000e\000s\000u\000l\000t\000s\000\040\000o\000f\000\040\000t\000h\000e\000\040\000C\000o\000b\000b\000-\000D\000o\000u\000g\000l\000a\000s\000\040\000M\000o\000d\000e\000l}{}% 33
\BOOKMARK [2][-]{subsection.C.1}{\376\377\000S\000c\000a\000l\000e\000\040\000P\000a\000r\000a\000m\000e\000t\000e\000r\000s}{appendix.C}% 34
\BOOKMARK [2][-]{subsection.C.2}{\376\377\000S\000e\000c\000t\000o\000r\000-\000Y\000e\000a\000r\000\040\000F\000i\000x\000e\000d\000\040\000E\000f\000f\000e\000c\000t\000s}{appendix.C}% 35
\BOOKMARK [1][-]{appendix.D}{\376\377\000D\000e\000r\000i\000v\000a\000t\000i\000o\000n\000\040\000o\000f\000\040\000t\000h\000e\000\040\000I\000n\000t\000e\000r\000p\000r\000e\000t\000a\000t\000i\000o\000n\000\040\000o\000f\000\040\000t\000h\000e\000\040\000P\000a\000r\000a\000m\000e\000t\000e\000r\000s\000\040\000o\000f\000\040\000t\000h\000e\000\040\000T\000r\000a\000n\000s\000l\000o\000g\000\040\000C\000o\000s\000t\000\040\000F\000u\000n\000c\000t\000i\000o\000n\000\040\000f\000o\000r\000\040\000B\000T\000M\000\040\000B\000E\000S\000S}{}% 36
\BOOKMARK [2][-]{subsection.D.1}{\376\377\000M\000a\000r\000g\000i\000n\000a\000l\000\040\000C\000o\000s\000t\000s\000\040\000o\000f\000\040\000E\000n\000e\000r\000g\000y\000\040\000C\000a\000p\000a\000c\000i\000t\000y\000,\000\040\000P\000o\000w\000e\000r\000\040\000C\000a\000p\000a\000c\000i\000t\000y\000\040\000a\000n\000d\000\040\000D\000i\000s\000c\000h\000a\000r\000g\000e\000\040\000D\000u\000r\000a\000t\000i\000o\000n}{appendix.D}% 37
\BOOKMARK [2][-]{subsection.D.2}{\376\377\000E\000c\000o\000n\000o\000m\000i\000e\000s\000\040\000o\000f\000\040\000S\000c\000a\000l\000e}{appendix.D}% 38
\BOOKMARK [1][-]{appendix.E}{\376\377\000P\000r\000e\000d\000i\000c\000t\000i\000o\000n\000\040\000I\000n\000t\000e\000r\000v\000a\000l\000s}{}% 39
