This is pdfTeX, Version 3.141592653-2.6-1.40.24 (MiKTeX 22.7.30) (preloaded format=pdflatex 2022.7.31)  31 JAN 2023 09:05
entering extended mode
 restricted \write18 enabled.
 %&-line parsing enabled.
**./manuscript_1.31.23.tex
(manuscript_1.31.23.tex
LaTeX2e <2022-06-01> patch level 5
L3 programming layer <2022-07-15>
(C:\Users\agben\AppData\Local\Programs\MiKTeX\tex/latex/elsarticle\elsarticle.c
ls
Document Class: elsarticle 2020/11/20, 3.3: Elsevier Ltd
(C:\Users\agben\AppData\Local\Programs\MiKTeX\tex/latex/l3kernel\expl3.sty
Package: expl3 2022-07-15 L3 programming layer (loader) 

(C:\Users\agben\AppData\Local\Programs\MiKTeX\tex/latex/l3backend\l3backend-pdf
tex.def
File: l3backend-pdftex.def 2022-07-01 L3 backend support: PDF output (pdfTeX)
\l__color_backend_stack_int=\count185
\l__pdf_internal_box=\box51
))
(C:\Users\agben\AppData\Local\Programs\MiKTeX\tex/latex/l3packages/xparse\xpars
e.sty
Package: xparse 2022-06-22 L3 Experimental document command parser
)
(C:\Users\agben\AppData\Local\Programs\MiKTeX\tex/latex/etoolbox\etoolbox.sty
Package: etoolbox 2020/10/05 v2.5k e-TeX tools for LaTeX (JAW)
\etb@tempcnta=\count186
)
\@bls=\dimen138

(C:\Users\agben\AppData\Local\Programs\MiKTeX\tex/latex/base\article.cls
Document Class: article 2021/10/04 v1.4n Standard LaTeX document class
(C:\Users\agben\AppData\Local\Programs\MiKTeX\tex/latex/base\size12.clo
File: size12.clo 2021/10/04 v1.4n Standard LaTeX file (size option)
)
\c@part=\count187
\c@section=\count188
\c@subsection=\count189
\c@subsubsection=\count190
\c@paragraph=\count191
\c@subparagraph=\count192
\c@figure=\count193
\c@table=\count194
\abovecaptionskip=\skip47
\belowcaptionskip=\skip48
\bibindent=\dimen139
)
(C:\Users\agben\AppData\Local\Programs\MiKTeX\tex/latex/graphics\graphicx.sty
Package: graphicx 2021/09/16 v1.2d Enhanced LaTeX Graphics (DPC,SPQR)

(C:\Users\agben\AppData\Local\Programs\MiKTeX\tex/latex/graphics\keyval.sty
Package: keyval 2022/05/29 v1.15 key=value parser (DPC)
\KV@toks@=\toks16
)
(C:\Users\agben\AppData\Local\Programs\MiKTeX\tex/latex/graphics\graphics.sty
Package: graphics 2022/03/10 v1.4e Standard LaTeX Graphics (DPC,SPQR)

(C:\Users\agben\AppData\Local\Programs\MiKTeX\tex/latex/graphics\trig.sty
Package: trig 2021/08/11 v1.11 sin cos tan (DPC)
)
(C:\Users\agben\AppData\Local\Programs\MiKTeX\tex/latex/graphics-cfg\graphics.c
fg
File: graphics.cfg 2016/06/04 v1.11 sample graphics configuration
)
Package graphics Info: Driver file: pdftex.def on input line 107.

(C:\Users\agben\AppData\Local\Programs\MiKTeX\tex/latex/graphics-def\pdftex.def
File: pdftex.def 2020/10/05 v1.2a Graphics/color driver for pdftex
))
\Gin@req@height=\dimen140
\Gin@req@width=\dimen141
)
\c@tnote=\count195
\c@fnote=\count196
\c@cnote=\count197
\c@ead=\count198
\c@author=\count199
\@eadauthor=\toks17
\c@affn=\count266
\absbox=\box52
\elsarticlehighlightsbox=\box53
\elsarticlegrabsbox=\box54
\keybox=\box55
\Columnwidth=\dimen142
\space@left=\dimen143
\els@boxa=\box56
\els@boxb=\box57
\leftMargin=\dimen144
\@enLab=\toks18
\@sep=\skip49
\@@sep=\skip50
 (C:\Users\agben\AppData\Local\Programs\MiKTeX\tex/latex/natbib\natbib.sty
Package: natbib 2010/09/13 8.31b (PWD, AO)
\bibhang=\skip51
\bibsep=\skip52
LaTeX Info: Redefining \cite on input line 694.
\c@NAT@ctr=\count267
)
\splwrite=\write3
\openout3 = `manuscript_1.31.23.spl'.

\appnamewidth=\dimen145
) (C:\Users\agben\AppData\Local\Programs\MiKTeX\tex/latex/amsmath\amsmath.sty
Package: amsmath 2022/04/08 v2.17n AMS math features
\@mathmargin=\skip53

For additional information on amsmath, use the `?' option.
(C:\Users\agben\AppData\Local\Programs\MiKTeX\tex/latex/amsmath\amstext.sty
Package: amstext 2021/08/26 v2.01 AMS text

(C:\Users\agben\AppData\Local\Programs\MiKTeX\tex/latex/amsmath\amsgen.sty
File: amsgen.sty 1999/11/30 v2.0 generic functions
\@emptytoks=\toks19
\ex@=\dimen146
))
(C:\Users\agben\AppData\Local\Programs\MiKTeX\tex/latex/amsmath\amsbsy.sty
Package: amsbsy 1999/11/29 v1.2d Bold Symbols
\pmbraise@=\dimen147
)
(C:\Users\agben\AppData\Local\Programs\MiKTeX\tex/latex/amsmath\amsopn.sty
Package: amsopn 2022/04/08 v2.04 operator names
)
\inf@bad=\count268
LaTeX Info: Redefining \frac on input line 234.
\uproot@=\count269
\leftroot@=\count270
LaTeX Info: Redefining \overline on input line 399.
LaTeX Info: Redefining \colon on input line 410.
\classnum@=\count271
\DOTSCASE@=\count272
LaTeX Info: Redefining \ldots on input line 496.
LaTeX Info: Redefining \dots on input line 499.
LaTeX Info: Redefining \cdots on input line 620.
\Mathstrutbox@=\box58
\strutbox@=\box59
LaTeX Info: Redefining \big on input line 722.
LaTeX Info: Redefining \Big on input line 723.
LaTeX Info: Redefining \bigg on input line 724.
LaTeX Info: Redefining \Bigg on input line 725.
\big@size=\dimen148
LaTeX Font Info:    Redeclaring font encoding OML on input line 743.
LaTeX Font Info:    Redeclaring font encoding OMS on input line 744.
\macc@depth=\count273
LaTeX Info: Redefining \bmod on input line 905.
LaTeX Info: Redefining \pmod on input line 910.
LaTeX Info: Redefining \smash on input line 940.
LaTeX Info: Redefining \relbar on input line 970.
LaTeX Info: Redefining \Relbar on input line 971.
\c@MaxMatrixCols=\count274
\dotsspace@=\muskip16
\c@parentequation=\count275
\dspbrk@lvl=\count276
\tag@help=\toks20
\row@=\count277
\column@=\count278
\maxfields@=\count279
\andhelp@=\toks21
\eqnshift@=\dimen149
\alignsep@=\dimen150
\tagshift@=\dimen151
\tagwidth@=\dimen152
\totwidth@=\dimen153
\lineht@=\dimen154
\@envbody=\toks22
\multlinegap=\skip54
\multlinetaggap=\skip55
\mathdisplay@stack=\toks23
LaTeX Info: Redefining \[ on input line 2953.
LaTeX Info: Redefining \] on input line 2954.
)
(C:\Users\agben\AppData\Local\Programs\MiKTeX\tex/latex/amsfonts\amssymb.sty
Package: amssymb 2013/01/14 v3.01 AMS font symbols

(C:\Users\agben\AppData\Local\Programs\MiKTeX\tex/latex/amsfonts\amsfonts.sty
Package: amsfonts 2013/01/14 v3.01 Basic AMSFonts support
\symAMSa=\mathgroup4
\symAMSb=\mathgroup5
LaTeX Font Info:    Redeclaring math symbol \hbar on input line 98.
LaTeX Font Info:    Overwriting math alphabet `\mathfrak' in version `bold'
(Font)                  U/euf/m/n --> U/euf/b/n on input line 106.
)) (C:\Users\agben\AppData\Local\Programs\MiKTeX\tex/latex/amscls\amsthm.sty
Package: amsthm 2020/05/29 v2.20.6
\thm@style=\toks24
\thm@bodyfont=\toks25
\thm@headfont=\toks26
\thm@notefont=\toks27
\thm@headpunct=\toks28
\thm@preskip=\skip56
\thm@postskip=\skip57
\thm@headsep=\skip58
\dth@everypar=\toks29
LaTeX Info: Redefining \qed on input line 273.
)
(C:\Users\agben\AppData\Local\Programs\MiKTeX\tex/latex/lipsum\lipsum.sty
(C:\Users\agben\AppData\Local\Programs\MiKTeX\tex/latex/l3packages/l3keys2e\l3k
eys2e.sty
Package: l3keys2e 2022-06-22 LaTeX2e option processing using LaTeX3 keys
)
Package: lipsum 2021-09-20 v2.7 150 paragraphs of Lorem Ipsum dummy text
\g__lipsum_par_int=\count280
\l__lipsum_a_int=\count281
\l__lipsum_b_int=\count282

(C:\Users\agben\AppData\Local\Programs\MiKTeX\tex/latex/lipsum\lipsum.ltd.tex))
(C:\Users\agben\AppData\Local\Programs\MiKTeX\tex/latex/subfig\subfig.sty
Package: subfig 2005/06/28 ver: 1.3 subfig package

(C:\Users\agben\AppData\Local\Programs\MiKTeX\tex/latex/caption\caption.sty
Package: caption 2022/03/01 v3.6b Customizing captions (AR)

(C:\Users\agben\AppData\Local\Programs\MiKTeX\tex/latex/caption\caption3.sty
Package: caption3 2022/03/17 v2.3b caption3 kernel (AR)
\caption@tempdima=\dimen155
\captionmargin=\dimen156
\caption@leftmargin=\dimen157
\caption@rightmargin=\dimen158
\caption@width=\dimen159
\caption@indent=\dimen160
\caption@parindent=\dimen161
\caption@hangindent=\dimen162
Package caption Info: elsarticle document class detected.

(C:\Users\agben\AppData\Local\Programs\MiKTeX\tex/latex/caption\caption-elsarti
cle.sto
File: caption-elsarticle.sto 2020/08/22 v2.0 Adaption of the caption package to
 the elsarticle document class (AR)
))
\c@caption@flags=\count283
\c@continuedfloat=\count284
)
\c@KVtest=\count285
\sf@farskip=\skip59
\sf@captopadj=\dimen163
\sf@capskip=\skip60
\sf@nearskip=\skip61
\c@subfigure=\count286
\c@subfigure@save=\count287
\c@lofdepth=\count288
\c@subtable=\count289
\c@subtable@save=\count290
\c@lotdepth=\count291
\sf@top=\skip62
\sf@bottom=\skip63
)
(C:\Users\agben\AppData\Local\Programs\MiKTeX\tex/latex/multirow\multirow.sty
Package: multirow 2021/03/15 v2.8 Span multiple rows of a table
\multirow@colwidth=\skip64
\multirow@cntb=\count292
\multirow@dima=\skip65
\bigstrutjot=\dimen164
)
(C:\Users\agben\AppData\Local\Programs\MiKTeX\tex/latex/tools\tabularx.sty
Package: tabularx 2020/01/15 v2.11c `tabularx' package (DPC)

(C:\Users\agben\AppData\Local\Programs\MiKTeX\tex/latex/tools\array.sty
Package: array 2021/10/04 v2.5f Tabular extension package (FMi)
\col@sep=\dimen165
\ar@mcellbox=\box60
\extrarowheight=\dimen166
\NC@list=\toks30
\extratabsurround=\skip66
\backup@length=\skip67
\ar@cellbox=\box61
)
\TX@col@width=\dimen167
\TX@old@table=\dimen168
\TX@old@col=\dimen169
\TX@target=\dimen170
\TX@delta=\dimen171
\TX@cols=\count293
\TX@ftn=\toks31
)
(C:\Users\agben\AppData\Local\Programs\MiKTeX\tex/latex/tools\longtable.sty
Package: longtable 2021-09-01 v4.17 Multi-page Table package (DPC)
\LTleft=\skip68
\LTright=\skip69
\LTpre=\skip70
\LTpost=\skip71
\LTchunksize=\count294
\LTcapwidth=\dimen172
\LT@head=\box62
\LT@firsthead=\box63
\LT@foot=\box64
\LT@lastfoot=\box65
\LT@gbox=\box66
\LT@cols=\count295
\LT@rows=\count296
\c@LT@tables=\count297
\c@LT@chunks=\count298
\LT@p@ftn=\toks32
)
(C:\Users\agben\AppData\Local\Programs\MiKTeX\tex/latex/tools\afterpage.sty
Package: afterpage 2014/10/28 v1.08 After-Page Package (DPC)
\AP@output=\toks33
\AP@partial=\box67
\AP@footins=\box68
)
(C:\Users\agben\AppData\Local\Programs\MiKTeX\tex/latex/url\url.sty
\Urlmuskip=\muskip17
Package: url 2013/09/16  ver 3.4  Verb mode for urls, etc.
)
(C:\Users\agben\AppData\Local\Programs\MiKTeX\tex/latex/pdflscape\pdflscape.sty
Package: pdflscape 2019/12/05 v0.12 Display of landscape pages in PDF (HO)
(C:\Users\agben\AppData\Local\Programs\MiKTeX\tex/generic/iftex\iftex.sty
Package: iftex 2022/02/03 v1.0f TeX engine tests
)
(C:\Users\agben\AppData\Local\Programs\MiKTeX\tex/latex/graphics\lscape.sty
Package: lscape 2020/05/28 v3.02 Landscape Pages (DPC)
)
Package pdflscape Info: Auto-detected driver: pdftex on input line 81.
)
(C:\Users\agben\AppData\Local\Programs\MiKTeX\tex/latex/hyperref\hyperref.sty
Package: hyperref 2022-06-20 v7.00s Hypertext links for LaTeX

(C:\Users\agben\AppData\Local\Programs\MiKTeX\tex/generic/ltxcmds\ltxcmds.sty
Package: ltxcmds 2020-05-10 v1.25 LaTeX kernel commands for general use (HO)
)
(C:\Users\agben\AppData\Local\Programs\MiKTeX\tex/generic/pdftexcmds\pdftexcmds
.sty
Package: pdftexcmds 2020-06-27 v0.33 Utility functions of pdfTeX for LuaTeX (HO
)

(C:\Users\agben\AppData\Local\Programs\MiKTeX\tex/generic/infwarerr\infwarerr.s
ty
Package: infwarerr 2019/12/03 v1.5 Providing info/warning/error messages (HO)
)
Package pdftexcmds Info: \pdf@primitive is available.
Package pdftexcmds Info: \pdf@ifprimitive is available.
Package pdftexcmds Info: \pdfdraftmode found.
)
(C:\Users\agben\AppData\Local\Programs\MiKTeX\tex/generic/kvsetkeys\kvsetkeys.s
ty
Package: kvsetkeys 2019/12/15 v1.18 Key value parser (HO)
)
(C:\Users\agben\AppData\Local\Programs\MiKTeX\tex/generic/kvdefinekeys\kvdefine
keys.sty
Package: kvdefinekeys 2019-12-19 v1.6 Define keys (HO)
)
(C:\Users\agben\AppData\Local\Programs\MiKTeX\tex/generic/pdfescape\pdfescape.s
ty
Package: pdfescape 2019/12/09 v1.15 Implements pdfTeX's escape features (HO)
) (C:\Users\agben\AppData\Local\Programs\MiKTeX\tex/latex/hycolor\hycolor.sty
Package: hycolor 2020-01-27 v1.10 Color options for hyperref/bookmark (HO)
)
(C:\Users\agben\AppData\Local\Programs\MiKTeX\tex/latex/letltxmacro\letltxmacro
.sty
Package: letltxmacro 2019/12/03 v1.6 Let assignment for LaTeX macros (HO)
)
(C:\Users\agben\AppData\Local\Programs\MiKTeX\tex/latex/auxhook\auxhook.sty
Package: auxhook 2019-12-17 v1.6 Hooks for auxiliary files (HO)
)
(C:\Users\agben\AppData\Local\Programs\MiKTeX\tex/latex/hyperref\nameref.sty
Package: nameref 2022-05-17 v2.50 Cross-referencing by name of section

(C:\Users\agben\AppData\Local\Programs\MiKTeX\tex/latex/refcount\refcount.sty
Package: refcount 2019/12/15 v3.6 Data extraction from label references (HO)
)
(C:\Users\agben\AppData\Local\Programs\MiKTeX\tex/generic/gettitlestring\gettit
lestring.sty
Package: gettitlestring 2019/12/15 v1.6 Cleanup title references (HO)

(C:\Users\agben\AppData\Local\Programs\MiKTeX\tex/latex/kvoptions\kvoptions.sty
Package: kvoptions 2022-06-15 v3.15 Key value format for package options (HO)
))
\c@section@level=\count299
)
\@linkdim=\dimen173
\Hy@linkcounter=\count300
\Hy@pagecounter=\count301
 (C:\Users\agben\AppData\Local\Programs\MiKTeX\tex/latex/hyperref\pd1enc.def
File: pd1enc.def 2022-06-20 v7.00s Hyperref: PDFDocEncoding definition (HO)
Now handling font encoding PD1 ...
... no UTF-8 mapping file for font encoding PD1
) (C:\Users\agben\AppData\Local\Programs\MiKTeX\tex/generic/intcalc\intcalc.sty
Package: intcalc 2019/12/15 v1.3 Expandable calculations with integers (HO)
)
(C:\Users\agben\AppData\Local\Programs\MiKTeX\tex/generic/etexcmds\etexcmds.sty
Package: etexcmds 2019/12/15 v1.7 Avoid name clashes with e-TeX commands (HO)
)
\Hy@SavedSpaceFactor=\count302
 (C:\Users\agben\AppData\Local\Programs\MiKTeX\tex/latex/hyperref\puenc.def
File: puenc.def 2022-06-20 v7.00s Hyperref: PDF Unicode definition (HO)
Now handling font encoding PU ...
... no UTF-8 mapping file for font encoding PU
)
Package hyperref Info: Hyper figures OFF on input line 4162.
Package hyperref Info: Link nesting OFF on input line 4167.
Package hyperref Info: Hyper index ON on input line 4170.
Package hyperref Info: Plain pages OFF on input line 4177.
Package hyperref Info: Backreferencing OFF on input line 4182.
Package hyperref Info: Implicit mode ON; LaTeX internals redefined.
Package hyperref Info: Bookmarks ON on input line 4408.
\c@Hy@tempcnt=\count303
LaTeX Info: Redefining \url on input line 4746.
\XeTeXLinkMargin=\dimen174

(C:\Users\agben\AppData\Local\Programs\MiKTeX\tex/generic/bitset\bitset.sty
Package: bitset 2019/12/09 v1.3 Handle bit-vector datatype (HO)

(C:\Users\agben\AppData\Local\Programs\MiKTeX\tex/generic/bigintcalc\bigintcalc
.sty
Package: bigintcalc 2019/12/15 v1.5 Expandable calculations on big integers (HO
)
))
\Fld@menulength=\count304
\Field@Width=\dimen175
\Fld@charsize=\dimen176
Package hyperref Info: Hyper figures OFF on input line 6024.
Package hyperref Info: Link nesting OFF on input line 6029.
Package hyperref Info: Hyper index ON on input line 6032.
Package hyperref Info: backreferencing OFF on input line 6039.
Package hyperref Info: Link coloring OFF on input line 6044.
Package hyperref Info: Link coloring with OCG OFF on input line 6049.
Package hyperref Info: PDF/A mode OFF on input line 6054.

(C:\Users\agben\AppData\Local\Programs\MiKTeX\tex/latex/base\atbegshi-ltx.sty
Package: atbegshi-ltx 2021/01/10 v1.0c Emulation of the original atbegshi
package with kernel methods
)
\Hy@abspage=\count305
\c@Item=\count306
\c@Hfootnote=\count307
)
Package hyperref Info: Driver (autodetected): hpdftex.
(C:\Users\agben\AppData\Local\Programs\MiKTeX\tex/latex/hyperref\hpdftex.def
File: hpdftex.def 2022-06-20 v7.00s Hyperref driver for pdfTeX

(C:\Users\agben\AppData\Local\Programs\MiKTeX\tex/latex/base\atveryend-ltx.sty
Package: atveryend-ltx 2020/08/19 v1.0a Emulation of the original atveryend pac
kage
with kernel methods
)
\Fld@listcount=\count308
\c@bookmark@seq@number=\count309

(C:\Users\agben\AppData\Local\Programs\MiKTeX\tex/latex/rerunfilecheck\rerunfil
echeck.sty
Package: rerunfilecheck 2022-07-10 v1.10 Rerun checks for auxiliary files (HO)

(C:\Users\agben\AppData\Local\Programs\MiKTeX\tex/generic/uniquecounter\uniquec
ounter.sty
Package: uniquecounter 2019/12/15 v1.4 Provide unlimited unique counter (HO)
)
Package uniquecounter Info: New unique counter `rerunfilecheck' on input line 2
85.
)
\Hy@SectionHShift=\skip72
)
(C:\Users\agben\AppData\Local\Programs\MiKTeX\tex/latex/psnfss\pifont.sty
Package: pifont 2020/03/25 PSNFSS-v9.3 Pi font support (SPQR) 
LaTeX Font Info:    Trying to load font information for U+pzd on input line 63.


(C:\Users\agben\AppData\Local\Programs\MiKTeX\tex/latex/psnfss\upzd.fd
File: upzd.fd 2001/06/04 font definitions for U/pzd.
)
LaTeX Font Info:    Trying to load font information for U+psy on input line 64.


(C:\Users\agben\AppData\Local\Programs\MiKTeX\tex/latex/psnfss\upsy.fd
File: upsy.fd 2001/06/04 font definitions for U/psy.
))
(C:\Users\agben\AppData\Local\Programs\MiKTeX\tex/latex/bbold\bbold.sty
Package: bbold 1994/04/06 Bbold symbol package
LaTeX Font Info:    Redeclaring math alphabet \mathbb on input line 42.
)
No file manuscript_1.31.23.aux.
\openout1 = `manuscript_1.31.23.aux'.

LaTeX Font Info:    Checking defaults for OML/cmm/m/it on input line 104.
LaTeX Font Info:    ... okay on input line 104.
LaTeX Font Info:    Checking defaults for OMS/cmsy/m/n on input line 104.
LaTeX Font Info:    ... okay on input line 104.
LaTeX Font Info:    Checking defaults for OT1/cmr/m/n on input line 104.
LaTeX Font Info:    ... okay on input line 104.
LaTeX Font Info:    Checking defaults for T1/cmr/m/n on input line 104.
LaTeX Font Info:    ... okay on input line 104.
LaTeX Font Info:    Checking defaults for TS1/cmr/m/n on input line 104.
LaTeX Font Info:    ... okay on input line 104.
LaTeX Font Info:    Checking defaults for OMX/cmex/m/n on input line 104.
LaTeX Font Info:    ... okay on input line 104.
LaTeX Font Info:    Checking defaults for U/cmr/m/n on input line 104.
LaTeX Font Info:    ... okay on input line 104.
LaTeX Font Info:    Checking defaults for PD1/pdf/m/n on input line 104.
LaTeX Font Info:    ... okay on input line 104.
LaTeX Font Info:    Checking defaults for PU/pdf/m/n on input line 104.
LaTeX Font Info:    ... okay on input line 104.

(C:\Users\agben\AppData\Local\Programs\MiKTeX\tex/context/base/mkii\supp-pdf.mk
ii
[Loading MPS to PDF converter (version 2006.09.02).]
\scratchcounter=\count310
\scratchdimen=\dimen177
\scratchbox=\box69
\nofMPsegments=\count311
\nofMParguments=\count312
\everyMPshowfont=\toks34
\MPscratchCnt=\count313
\MPscratchDim=\dimen178
\MPnumerator=\count314
\makeMPintoPDFobject=\count315
\everyMPtoPDFconversion=\toks35
)
(C:\Users\agben\AppData\Local\Programs\MiKTeX\tex/latex/epstopdf-pkg\epstopdf-b
ase.sty
Package: epstopdf-base 2020-01-24 v2.11 Base part for package epstopdf
Package epstopdf-base Info: Redefining graphics rule for `.eps' on input line 4
85.

(C:\Users\agben\AppData\Local\Programs\MiKTeX\tex/latex/00miktex\epstopdf-sys.c
fg
File: epstopdf-sys.cfg 2021/03/18 v2.0 Configuration of epstopdf for MiKTeX
))
Package caption Info: Begin \AtBeginDocument code.
Package caption Info: subfig package v1.3 is loaded.
Package caption Info: hyperref package is loaded.
Package caption Info: longtable package is loaded.

(C:\Users\agben\AppData\Local\Programs\MiKTeX\tex/latex/caption\ltcaption.sty
Package: ltcaption 2021/01/08 v1.4c longtable captions (AR)
)
Package caption Info: End \AtBeginDocument code.
Package hyperref Info: Link coloring OFF on input line 104.
\@outlinefile=\write4
\openout4 = `manuscript_1.31.23.out'.

LaTeX Font Info:    Trying to load font information for U+msa on input line 194
.

(C:\Users\agben\AppData\Local\Programs\MiKTeX\tex/latex/amsfonts\umsa.fd
File: umsa.fd 2013/01/14 v3.01 AMS symbols A
)
LaTeX Font Info:    Trying to load font information for U+msb on input line 194
.

(C:\Users\agben\AppData\Local\Programs\MiKTeX\tex/latex/amsfonts\umsb.fd
File: umsb.fd 2013/01/14 v3.01 AMS symbols B
)
Overfull \hbox (2.61108pt too wide) has occurred while \output is active
[] 
 []

[1


{C:/Users/agben/AppData/Local/MiKTeX/fonts/map/pdftex/pdftex.map}]

LaTeX Warning: Reference `sec:lit_review' on page 2 undefined on input line 203
.


LaTeX Warning: Reference `sec:data' on page 2 undefined on input line 203.


LaTeX Warning: Reference `sec:model_selection' on page 2 undefined on input lin
e 203.


LaTeX Warning: Reference `apdx:methodology' on page 2 undefined on input line 2
03.


Package natbib Warning: Citation `kmenta1967' on page 2 undefined on input line
 205.


Package natbib Warning: Citation `cobbdouglas1928' on page 2 undefined on input
 line 205.


LaTeX Warning: Reference `sec:results' on page 2 undefined on input line 205.


LaTeX Warning: Reference `apdx:cobb_douglas' on page 2 undefined on input line 
205.

[2]

LaTeX Warning: Reference `sec:prediction' on page 3 undefined on input line 209
.


LaTeX Warning: Reference `sec:conclusion' on page 3 undefined on input line 211
.


LaTeX Warning: Reference `sec:data_avail' on page 3 undefined on input line 211
.


LaTeX Warning: Reference `tab:cost_est_BTM' on page 3 undefined on input line 2
15.

[3]

Package natbib Warning: Citation `dietrich2018' on page 4 undefined on input li
ne 221.


Package natbib Warning: Citation `schmidt2019' on page 4 undefined on input lin
e 221.


Package natbib Warning: Citation `comello2019' on page 4 undefined on input lin
e 221.


Package natbib Warning: Citation `augustineblair2021' on page 4 undefined on in
put line 221.


Overfull \hbox (5.69055pt too wide) in paragraph at lines 221--222
[]\OT1/cmr/m/n/12 Several prior studies---both of front-of-the-meter (FTM) and 
BTM BESS---
 []


Package natbib Warning: Citation `schmidt2019' on page 4 undefined on input lin
e 227.


Package natbib Warning: Citation `comello2019' on page 4 undefined on input lin
e 227.


Package natbib Warning: Citation `CPUC_IRP' on page 4 undefined on input line 2
27.


LaTeX Warning: Reference `eq:linear_model' on page 4 undefined on input line 22
9.


Package natbib Warning: Citation `tsai2020' on page 4 undefined on input line 2
29.


LaTeX Warning: Reference `tab:tsai_2021' on page 4 undefined on input line 229.


[4] (tables/tsai_ecc.tex) (tables/tsai_pcc.tex)

Package natbib Warning: Citation `tsai2020' on page 5 undefined on input line 2
35.


Package natbib Warning: Citation `tsai2020' on page 5 undefined on input line 2
35.


LaTeX Warning: Reference `apdx:time_var_coef' on page 5 undefined on input line
 238.


LaTeX Warning: Reference `eq:linear_model' on page 5 undefined on input line 23
8.


Package natbib Warning: Citation `dietrich2018' on page 5 undefined on input li
ne 238.


Package natbib Warning: Citation `dietrich2018' on page 5 undefined on input li
ne 238.


Package natbib Warning: Citation `cobbdouglas1928' on page 5 undefined on input
 line 238.


Package natbib Warning: Citation `kmenta1967' on page 5 undefined on input line
 238.


Package natbib Warning: Citation `segal2003' on page 5 undefined on input line 
238.


Package natbib Warning: Citation `berthelemy2015' on page 5 undefined on input 
line 238.


Package natbib Warning: Citation `ray1982' on page 5 undefined on input line 23
8.


Package natbib Warning: Citation `bogart2010' on page 5 undefined on input line
 238.


Package natbib Warning: Citation `augustineblair2021' on page 5 undefined on in
put line 242.


Package natbib Warning: Citation `ATB2022' on page 5 undefined on input line 24
2.


LaTeX Warning: Reference `sec:validation' on page 5 undefined on input line 242
.

[5]

Package natbib Warning: Citation `battke2013' on page 6 undefined on input line
 244.


Package natbib Warning: Citation `zakeri2015' on page 6 undefined on input line
 244.


Package natbib Warning: Citation `obi2017' on page 6 undefined on input line 24
4.


Package natbib Warning: Citation `schmidt2019' on page 6 undefined on input lin
e 244.


Package natbib Warning: Citation `schmidt2019' on page 6 undefined on input lin
e 244.


Package natbib Warning: Citation `battke2013' on page 6 undefined on input line
 244.


LaTeX Warning: Reference `sec:prediction_interval' on page 6 undefined on input
 line 246.


LaTeX Warning: Reference `sec:validation' on page 6 undefined on input line 246
.

[6]

Package natbib Warning: Citation `akaike1974' on page 7 undefined on input line
 250.


Package natbib Warning: Citation `burnhamanderson1998' on page 7 undefined on i
nput line 250.


Package natbib Warning: Citation `akaike1974' on page 7 undefined on input line
 250.


Package natbib Warning: Citation `burnham2004' on page 7 undefined on input lin
e 250.

[7] (tables/cost_est_BTM.tex

Package natbib Warning: Citation `augustineblair2021' on page 8 undefined on in
put line 5.


Package natbib Warning: Citation `augustineblair2021' on page 8 undefined on in
put line 6.


Package natbib Warning: Citation `ramasamy2021' on page 8 undefined on input li
ne 7.


Package natbib Warning: Citation `ramasamy2021' on page 8 undefined on input li
ne 8.


Package natbib Warning: Citation `ramasamy2021' on page 8 undefined on input li
ne 9.


Package natbib Warning: Citation `ramasamy2021' on page 8 undefined on input li
ne 10.


Package natbib Warning: Citation `LazardLCOSv7' on page 8 undefined on input li
ne 11.


Package natbib Warning: Citation `LazardLCOSv7' on page 8 undefined on input li
ne 12.


Package natbib Warning: Citation `EnergySage2021' on page 8 undefined on input 
line 13.


Package natbib Warning: Citation `EnergySage2021' on page 8 undefined on input 
line 14.


Package natbib Warning: Citation `EnergySage2021' on page 8 undefined on input 
line 15.


Package natbib Warning: Citation `EnergySage2021' on page 8 undefined on input 
line 16.


Package natbib Warning: Citation `EnergySage2022a' on page 8 undefined on input
 line 17.


Package natbib Warning: Citation `EnergySage2022a' on page 8 undefined on input
 line 18.


Package natbib Warning: Citation `EnergySage2022b' on page 8 undefined on input
 line 19.


Package natbib Warning: Citation `augustineblair2021' on page 8 undefined on in
put line 21.


Package natbib Warning: Citation `augustineblair2021' on page 8 undefined on in
put line 22.


Package natbib Warning: Citation `ramasamy2021' on page 8 undefined on input li
ne 23.


Package natbib Warning: Citation `ramasamy2021' on page 8 undefined on input li
ne 24.


Package natbib Warning: Citation `LazardLCOSv7' on page 8 undefined on input li
ne 25.


Package natbib Warning: Citation `LazardLCOSv7' on page 8 undefined on input li
ne 26.


Package natbib Warning: Citation `LazardLCOSv7' on page 8 undefined on input li
ne 27.


Package natbib Warning: Citation `LazardLCOSv7' on page 8 undefined on input li
ne 28.


Package natbib Warning: Citation `viswanathan2022' on page 8 undefined on input
 line 29.

)
Overfull \hbox (8.93983pt too wide) in paragraph at lines 1--255
[][]
 []


Underfull \hbox (badness 10000) in paragraph at lines 1--255

 []


LaTeX Warning: Float too large for page by 47.96637pt on input line 256.


LaTeX Warning: `h' float specifier changed to `ht'.

[8]
Underfull \hbox (badness 2753) in paragraph at lines 264--264
[][][]\OT1/cmr/m/n/10 Examples of such cus-tomers in-clude res-i-dents of the C
ity of Los An-ge-les
 []


Package natbib Warning: Citation `D16_06_055' on page 9 undefined on input line
 264.


Package natbib Warning: Citation `D20_01_021' on page 9 undefined on input line
 264.


LaTeX Warning: Reference `tab:LD_penalties' on page 9 undefined on input line 2
66.

(tables/LD_penalties.tex) [9


] [10]

pdfTeX warning: pdflatex.exe (file ./graphs//CA_SGIP/kWh_histogram.pdf): PDF in
clusion: found PDF version <1.6>, but at most version <1.5> allowed
<./graphs//CA_SGIP/kWh_histogram.pdf, id=88, 397.485pt x 289.08pt>
File: ./graphs//CA_SGIP/kWh_histogram.pdf Graphic file (type pdf)
<use ./graphs//CA_SGIP/kWh_histogram.pdf>
Package pdftex.def Info: ./graphs//CA_SGIP/kWh_histogram.pdf  used on input lin
e 297.
(pdftex.def)             Requested size: 195.0pt x 141.82246pt.


pdfTeX warning: pdflatex.exe (file ./graphs//CA_SGIP/kW_histogram.pdf): PDF inc
lusion: found PDF version <1.6>, but at most version <1.5> allowed
<./graphs//CA_SGIP/kW_histogram.pdf, id=89, 397.485pt x 289.08pt>
File: ./graphs//CA_SGIP/kW_histogram.pdf Graphic file (type pdf)
<use ./graphs//CA_SGIP/kW_histogram.pdf>
Package pdftex.def Info: ./graphs//CA_SGIP/kW_histogram.pdf  used on input line
 298.
(pdftex.def)             Requested size: 195.0pt x 141.82246pt.
<./graphs//CA_SGIP/manufacturer_shares.png, id=90, 1257.19687pt x 850.17625pt>
File: ./graphs//CA_SGIP/manufacturer_shares.png Graphic file (type png)
<use ./graphs//CA_SGIP/manufacturer_shares.png>
Package pdftex.def Info: ./graphs//CA_SGIP/manufacturer_shares.png  used on inp
ut line 306.
(pdftex.def)             Requested size: 390.0pt x 263.73354pt.


pdfTeX warning: pdflatex.exe (file ./graphs//CA_SGIP/cpk_res_trend.pdf): PDF in
clusion: found PDF version <1.6>, but at most version <1.5> allowed
<./graphs//CA_SGIP/cpk_res_trend.pdf, id=92, 397.485pt x 289.08pt>
File: ./graphs//CA_SGIP/cpk_res_trend.pdf Graphic file (type pdf)
<use ./graphs//CA_SGIP/cpk_res_trend.pdf>
Package pdftex.def Info: ./graphs//CA_SGIP/cpk_res_trend.pdf  used on input lin
e 312.
(pdftex.def)             Requested size: 195.0pt x 141.82246pt.


pdfTeX warning: pdflatex.exe (file ./graphs//CA_SGIP/cpk_nonres_trend.pdf): PDF
 inclusion: found PDF version <1.6>, but at most version <1.5> allowed
<./graphs//CA_SGIP/cpk_nonres_trend.pdf, id=93, 397.485pt x 289.08pt>
File: ./graphs//CA_SGIP/cpk_nonres_trend.pdf Graphic file (type pdf)
<use ./graphs//CA_SGIP/cpk_nonres_trend.pdf>
Package pdftex.def Info: ./graphs//CA_SGIP/cpk_nonres_trend.pdf  used on input 
line 313.
(pdftex.def)             Requested size: 195.0pt x 141.82246pt.

LaTeX Warning: Reference `fig:sgip_kWh_hist' on page 11 undefined on input line
 317.


LaTeX Warning: Reference `fig:sgip_kWh_hist' on page 11 undefined on input line
 317.


LaTeX Warning: Reference `fig:SGIP_kWh_trends' on page 11 undefined on input li
ne 321.


LaTeX Warning: Reference `fig:manufacturer_shares' on page 11 undefined on inpu
t line 321.

[11] [12 <./graphs//CA_SGIP/kWh_histogram.pdf> <./graphs//CA_SGIP/kW_histogram.
pdf> <./graphs//CA_SGIP/manufacturer_shares.png>]

LaTeX Warning: Reference `tab:portable_sum_stats' on page 13 undefined on input
 line 325.


LaTeX Warning: Reference `sec:data_avail' on page 13 undefined on input line 32
5.

(tables/portable_sum_stats.tex)

LaTeX Warning: `h' float specifier changed to `ht'.


Package natbib Warning: Citation `TTS2022' on page 13 undefined on input line 3
35.


Package natbib Warning: Citation `TTS2022' on page 13 undefined on input line 3
35.

[13 <./graphs//CA_SGIP/cpk_res_trend.pdf> <./graphs//CA_SGIP/cpk_nonres_trend.p
df>]

LaTeX Warning: Reference `apdx:TTS_SGIP_linking' on page 14 undefined on input 
line 337.


Package natbib Warning: Citation `PCEPI' on page 14 undefined on input line 341
.


Package natbib Warning: Citation `BLS_OEWS' on page 14 undefined on input line 
343.


LaTeX Warning: Reference `apdx:methodology' on page 14 undefined on input line 
347.

[14]

Package natbib Warning: Citation `akaike1974' on page 15 undefined on input lin
e 357.


Package natbib Warning: Citation `akaike1978' on page 15 undefined on input lin
e 357.


Package natbib Warning: Citation `cobbdouglas1928' on page 15 undefined on inpu
t line 359.


Package natbib Warning: Citation `kmenta1967' on page 15 undefined on input lin
e 365.

<graphs/CA_SGIP/LOBF_comparison.pdf, id=166, 695.59875pt x 505.89pt>
File: graphs/CA_SGIP/LOBF_comparison.pdf Graphic file (type pdf)
<use graphs/CA_SGIP/LOBF_comparison.pdf>
Package pdftex.def Info: graphs/CA_SGIP/LOBF_comparison.pdf  used on input line
 375.
(pdftex.def)             Requested size: 390.0pt x 283.63611pt.

LaTeX Warning: `h' float specifier changed to `ht'.


LaTeX Warning: Reference `fig:LOBF_comparison' on page 15 undefined on input li
ne 379.


LaTeX Warning: Reference `tab:CD_vs_TL' on page 15 undefined on input line 379.



LaTeX Warning: Reference `apdx:cobb_douglas' on page 15 undefined on input line
 379.

[15]

LaTeX Warning: Reference `eq:TL' on page 16 undefined on input line 381.

[16 <./graphs/CA_SGIP/LOBF_comparison.pdf (PNG copy)>]

LaTeX Warning: Reference `tab:var_defs' on page 17 undefined on input line 388.



LaTeX Warning: Reference `tab:param_defs' on page 17 undefined on input line 38
8.

(tables/var_defs.tex
(C:\Users\agben\AppData\Local\Programs\MiKTeX\tex/latex/base\omscmr.fd)
Underfull \hbox (badness 10000) in paragraph at lines 12--12
[]|\OT1/cmr/m/n/12 inflation-adjusted, SGIP-
 []


Underfull \hbox (badness 10000) in paragraph at lines 12--12
[]|\OT1/cmr/m/n/12 inflation-adjusted me-dian
 []

) (tables/param_defs.tex)

LaTeX Warning: Reference `eq:predict_TL' on page 17 undefined on input line 399
.


LaTeX Warning: Reference `eq:predict_TL' on page 17 undefined on input line 399
.


LaTeX Warning: Reference `reg:predict_TL' on page 17 undefined on input line 40
4.


LaTeX Warning: Reference `eq:predict_TL' on page 17 undefined on input line 404
.


LaTeX Warning: Reference `sec:misc_data' on page 17 undefined on input line 404
.

(tables/reg/predict_TL.tex)

LaTeX Warning: Reference `eq:predict_TL' on page 17 undefined on input line 409
.


LaTeX Warning: Reference `eq:predict_TL' on page 17 undefined on input line 409
.


LaTeX Warning: Reference `fig:CSCI_TL' on page 17 undefined on input line 414.


LaTeX Warning: Reference `reg:predict_TL' on page 17 undefined on input line 41
4.

[17]

LaTeX Warning: Reference `fig:SGIP_kWh_trends' on page 18 undefined on input li
ne 420.


Package natbib Warning: Citation `lambert2016a' on page 18 undefined on input l
ine 420.


Package natbib Warning: Citation `vorrath2016' on page 18 undefined on input li
ne 420.


LaTeX Warning: Reference `eq:predict_TL' on page 18 undefined on input line 420
.


LaTeX Warning: Reference `fig:CSCI_by_mfr' on page 18 undefined on input line 4
20.

[18] [19]

Package natbib Warning: Citation `peacock2017' on page 20 undefined on input li
ne 422.


LaTeX Warning: Reference `fig:TSLA_cost_adv' on page 20 undefined on input line
 422.


LaTeX Warning: Reference `fig:TSLA_cost_adv' on page 20 undefined on input line
 422.


Package natbib Warning: Citation `dyatkin2020' on page 20 undefined on input li
ne 422.



pdfTeX warning: pdflatex.exe (file ./graphs/CA_SGIP/CSCI_TL.pdf): PDF inclusion
: found PDF version <1.6>, but at most version <1.5> allowed
<graphs/CA_SGIP/CSCI_TL.pdf, id=205, 397.485pt x 289.08pt>
File: graphs/CA_SGIP/CSCI_TL.pdf Graphic file (type pdf)
<use graphs/CA_SGIP/CSCI_TL.pdf>
Package pdftex.def Info: graphs/CA_SGIP/CSCI_TL.pdf  used on input line 425.
(pdftex.def)             Requested size: 390.0pt x 283.64493pt.

LaTeX Warning: Reference `eq:predict_TL' on page 20 undefined on input line 426
.


LaTeX Warning: Reference `eq:predict_TL' on page 20 undefined on input line 426
.



pdfTeX warning: pdflatex.exe (file ./graphs/CA_SGIP/CSCI_by_mfr.pdf): PDF inclu
sion: found PDF version <1.6>, but at most version <1.5> allowed
<graphs/CA_SGIP/CSCI_by_mfr.pdf, id=206, 397.485pt x 289.08pt>
File: graphs/CA_SGIP/CSCI_by_mfr.pdf Graphic file (type pdf)
<use graphs/CA_SGIP/CSCI_by_mfr.pdf>
Package pdftex.def Info: graphs/CA_SGIP/CSCI_by_mfr.pdf  used on input line 431
.
(pdftex.def)             Requested size: 339.2981pt x 246.76897pt.


pdfTeX warning: pdflatex.exe (file ./graphs/CA_SGIP/TSLA_cost_adv.pdf): PDF inc
lusion: found PDF version <1.6>, but at most version <1.5> allowed
<graphs/CA_SGIP/TSLA_cost_adv.pdf, id=207, 397.485pt x 289.08pt>
File: graphs/CA_SGIP/TSLA_cost_adv.pdf Graphic file (type pdf)
<use graphs/CA_SGIP/TSLA_cost_adv.pdf>
Package pdftex.def Info: graphs/CA_SGIP/TSLA_cost_adv.pdf  used on input line 4
34.
(pdftex.def)             Requested size: 339.2981pt x 246.76897pt.

LaTeX Warning: Float too large for page by 14.03793pt on input line 436.


LaTeX Warning: Reference `fig:CSCI_TL' on page 20 undefined on input line 438.


LaTeX Warning: Reference `apdx:mc_derivation' on page 20 undefined on input lin
e 442.


LaTeX Warning: Reference `eq:predict_TL' on page 20 undefined on input line 442
.


LaTeX Warning: Reference `fig:mc_ac' on page 20 undefined on input line 444.


LaTeX Warning: Reference `fig:mc_ac' on page 20 undefined on input line 444.


LaTeX Warning: Reference `fig:non_residential_mc_by_size' on page 20 undefined 
on input line 444.

[20]

pdfTeX warning: pdflatex.exe (file ./graphs/CA_SGIP/residential_mc_ac.pdf): PDF
 inclusion: found PDF version <1.6>, but at most version <1.5> allowed
<graphs/CA_SGIP/residential_mc_ac.pdf, id=213, 397.485pt x 289.08pt>
File: graphs/CA_SGIP/residential_mc_ac.pdf Graphic file (type pdf)
<use graphs/CA_SGIP/residential_mc_ac.pdf>
Package pdftex.def Info: graphs/CA_SGIP/residential_mc_ac.pdf  used on input li
ne 448.
(pdftex.def)             Requested size: 195.0pt x 141.82246pt.


pdfTeX warning: pdflatex.exe (file ./graphs/CA_SGIP/non_residential_mc_ac.pdf):
 PDF inclusion: found PDF version <1.6>, but at most version <1.5> allowed
<graphs/CA_SGIP/non_residential_mc_ac.pdf, id=214, 397.485pt x 289.08pt>
File: graphs/CA_SGIP/non_residential_mc_ac.pdf Graphic file (type pdf)
<use graphs/CA_SGIP/non_residential_mc_ac.pdf>
Package pdftex.def Info: graphs/CA_SGIP/non_residential_mc_ac.pdf  used on inpu
t line 449.
(pdftex.def)             Requested size: 195.0pt x 141.82246pt.


pdfTeX warning: pdflatex.exe (file ./graphs/CA_SGIP/non_residential_mc_by_size.
pdf): PDF inclusion: found PDF version <1.6>, but at most version <1.5> allowed

<graphs/CA_SGIP/non_residential_mc_by_size.pdf, id=215, 397.485pt x 289.08pt>
File: graphs/CA_SGIP/non_residential_mc_by_size.pdf Graphic file (type pdf)
<use graphs/CA_SGIP/non_residential_mc_by_size.pdf>
Package pdftex.def Info: graphs/CA_SGIP/non_residential_mc_by_size.pdf  used on
 input line 455.
(pdftex.def)             Requested size: 390.0pt x 283.64493pt.

LaTeX Warning: Reference `apdx:mc' on page 21 undefined on input line 459.

[21 <./graphs/CA_SGIP/CSCI_TL.pdf>] [22 <./graphs/CA_SGIP/CSCI_by_mfr.pdf> <./g
raphs/CA_SGIP/TSLA_cost_adv.pdf>] [23 <./graphs/CA_SGIP/residential_mc_ac.pdf> 
<./graphs/CA_SGIP/non_residential_mc_ac.pdf> <./graphs/CA_SGIP/non_residential_
mc_by_size.pdf>]

pdfTeX warning: pdflatex.exe (file ./graphs/CA_SGIP/EOS.pdf): PDF inclusion: fo
und PDF version <1.6>, but at most version <1.5> allowed
<graphs/CA_SGIP/EOS.pdf, id=308, 397.485pt x 289.08pt>
File: graphs/CA_SGIP/EOS.pdf Graphic file (type pdf)
<use graphs/CA_SGIP/EOS.pdf>
Package pdftex.def Info: graphs/CA_SGIP/EOS.pdf  used on input line 467.
(pdftex.def)             Requested size: 390.0pt x 283.64493pt.

LaTeX Warning: Reference `fig:EOS' on page 24 undefined on input line 471.


LaTeX Warning: Reference `tab:EOS_computation' on page 24 undefined on input li
ne 471.

[24 <./graphs/CA_SGIP/EOS.pdf>] (tables/EOS_computation.tex)

LaTeX Warning: Reference `eq:eos_TL' on page 25 undefined on input line 476.


LaTeX Warning: Reference `eq:eos_TL' on page 25 undefined on input line 476.


LaTeX Warning: Reference `reg:predict_CD' on page 25 undefined on input line 47
9.


LaTeX Warning: Reference `eq:eos_CD' on page 25 undefined on input line 479.

[25]

Package natbib Warning: Citation `ramasamy2021' on page 26 undefined on input l
ine 485.


Package natbib Warning: Citation `ramasamy2021' on page 26 undefined on input l
ine 485.


Package natbib Warning: Citation `ramasamy2021' on page 26 undefined on input l
ine 489.


LaTeX Warning: Reference `sec:validation' on page 26 undefined on input line 49
3.


Package natbib Warning: Citation `schmidt2019' on page 26 undefined on input li
ne 497.


Package natbib Warning: Citation `mongird2020' on page 26 undefined on input li
ne 497.


Package natbib Warning: Citation `augustineblair2021' on page 26 undefined on i
nput line 497.


Package natbib Warning: Citation `viswanathan2022' on page 26 undefined on inpu
t line 497.


Package natbib Warning: Citation `kittner2017' on page 26 undefined on input li
ne 497.


LaTeX Warning: Reference `fig:CSCI_TL' on page 26 undefined on input line 497.

[26]

LaTeX Warning: Reference `eq:CD' on page 27 undefined on input line 499.


LaTeX Warning: Reference `eq:TL' on page 27 undefined on input line 499.


LaTeX Warning: Reference `eq:predict_TL' on page 27 undefined on input line 499
.


LaTeX Warning: Reference `eq:predict_CD' on page 27 undefined on input line 499
.


LaTeX Warning: Reference `eq:forecast' on page 27 undefined on input line 505.


Package natbib Warning: Citation `DSIRE_sales_CA' on page 27 undefined on input
 line 509.


LaTeX Warning: Reference `reg:predict_TL' on page 27 undefined on input line 50
9.


Package natbib Warning: Citation `ramasamy2021' on page 27 undefined on input l
ine 509.


LaTeX Warning: Reference `sec:wages' on page 27 undefined on input line 513.


LaTeX Warning: Reference `eq:predict_TL' on page 27 undefined on input line 513
.


LaTeX Warning: Reference `eq:forecast' on page 27 undefined on input line 513.

[27]

LaTeX Warning: Reference `reg:predict_TL' on page 28 undefined on input line 52
3.


LaTeX Warning: Reference `eq:predict_TL' on page 28 undefined on input line 523
.


LaTeX Warning: Reference `apdx:prediction_interval' on page 28 undefined on inp
ut line 523.

[28]

pdfTeX warning: pdflatex.exe (file ./graphs/CA_SGIP/laplace_vs_normal.pdf): PDF
 inclusion: found PDF version <1.6>, but at most version <1.5> allowed
<graphs/CA_SGIP/laplace_vs_normal.pdf, id=369, 397.485pt x 289.08pt>
File: graphs/CA_SGIP/laplace_vs_normal.pdf Graphic file (type pdf)
<use graphs/CA_SGIP/laplace_vs_normal.pdf>
Package pdftex.def Info: graphs/CA_SGIP/laplace_vs_normal.pdf  used on input li
ne 535.
(pdftex.def)             Requested size: 390.0pt x 283.64493pt.

LaTeX Warning: Reference `eq:predict_TL' on page 29 undefined on input line 536
.


LaTeX Warning: Reference `eq:predict_TL' on page 29 undefined on input line 536
.


LaTeX Warning: Reference `fig:e_dists' on page 29 undefined on input line 539.


LaTeX Warning: Reference `eq:predict_TL' on page 29 undefined on input line 539
.


LaTeX Warning: Reference `reg:predict_TL' on page 29 undefined on input line 53
9.


LaTeX Warning: Reference `apdx:prediction_interval' on page 29 undefined on inp
ut line 539.


LaTeX Warning: Reference `apdx:prediction_interval' on page 29 undefined on inp
ut line 541.

[29 <./graphs/CA_SGIP/laplace_vs_normal.pdf>]

LaTeX Warning: Reference `eq:augustineblair2021' on page 30 undefined on input 
line 545.


LaTeX Warning: Reference `eq:CD' on page 30 undefined on input line 545.


LaTeX Warning: Reference `eq:TL' on page 30 undefined on input line 545.


LaTeX Warning: Reference `apdx:time_var_coef' on page 30 undefined on input lin
e 547.


LaTeX Warning: Reference `eq:augustineblair2021' on page 30 undefined on input 
line 547.


Package natbib Warning: Citation `ATB2022' on page 30 undefined on input line 5
47.


Package natbib Warning: Citation `augustineblair2021' on page 30 undefined on i
nput line 547.


LaTeX Warning: Reference `tab:atb_params' on page 30 undefined on input line 54
7.

(tables/atb_params.tex)
Overfull \hbox (58.47946pt too wide) in paragraph at lines 1--552
 [][] 
 []


LaTeX Warning: Reference `apdx:model_selection' on page 30 undefined on input l
ine 555.

[30]

pdfTeX warning: pdflatex.exe (file ./graphs/CA_SGIP/pct_error_dist.pdf): PDF in
clusion: found PDF version <1.6>, but at most version <1.5> allowed
<graphs/CA_SGIP/pct_error_dist.pdf, id=392, 397.485pt x 289.08pt>
File: graphs/CA_SGIP/pct_error_dist.pdf Graphic file (type pdf)
<use graphs/CA_SGIP/pct_error_dist.pdf>
Package pdftex.def Info: graphs/CA_SGIP/pct_error_dist.pdf  used on input line 
560.
(pdftex.def)             Requested size: 390.0pt x 283.64493pt.

LaTeX Warning: Reference `tab:model_validation' on page 31 undefined on input l
ine 564.


LaTeX Warning: Reference `sec:mc' on page 31 undefined on input line 564.


LaTeX Warning: Reference `fig:pct_error_dist' on page 31 undefined on input lin
e 566.


LaTeX Warning: Reference `fig:pct_error_dist' on page 31 undefined on input lin
e 566.


LaTeX Warning: Reference `tab:model_calibration' on page 31 undefined on input 
line 566.


LaTeX Warning: Reference `eq:augustineblair2021' on page 31 undefined on input 
line 566.

[31]

LaTeX Warning: Reference `tab:model_validation' on page 32 undefined on input l
ine 568.


LaTeX Warning: Reference `eq:se_p' on page 32 undefined on input line 568.


LaTeX Warning: Reference `apdx:prediction_interval' on page 32 undefined on inp
ut line 568.

[32 <./graphs/CA_SGIP/pct_error_dist.pdf>]

LaTeX Warning: Reference `sec:lit_uncertainty' on page 33 undefined on input li
ne 570.

[33] (tables/model_validation.tex) [34]

LaTeX Warning: Reference `eq:predict_TL' on page 35 undefined on input line 585
.


LaTeX Warning: Reference `eq:predict_TL' on page 35 undefined on input line 589
.


LaTeX Warning: Reference `sec:validation_results' on page 35 undefined on input
 line 591.


LaTeX Warning: Reference `eq:forecast' on page 35 undefined on input line 591.

[35


]
No file manuscript_1.31.23.bbl.
(appendices/TTS_SGIP_linking.tex

LaTeX Warning: Reference `sec:data_SGIP' on page 36 undefined on input line 7.


Package natbib Warning: Citation `TTS2022' on page 36 undefined on input line 7
.


Package natbib Warning: Citation `TTS2022' on page 36 undefined on input line 7
.

[36]) (appendices/methodology.tex

LaTeX Warning: Reference `apdx:time_var_coef' on page 37 undefined on input lin
e 9.


Overfull \hbox (9.84319pt too wide) in paragraph at lines 9--10
[]\OT1/cmr/m/n/12 The con-stant $\OML/cmm/m/it/12 []$ \OT1/cmr/m/n/12 is su-pe
r-scripted by sec-tor $\OML/cmm/m/it/12 s$ \OT1/cmr/m/n/12 (res-i-den-tial and 
non-residential)
 []

[37]

Package natbib Warning: Citation `akaike1974' on page 38 undefined on input lin
e 13.


Package natbib Warning: Citation `akaike1978' on page 38 undefined on input lin
e 21.

[38] (tables/SGIP_AIC.tex)

LaTeX Warning: Reference `tab:SGIP_AIC' on page 39 undefined on input line 33.


LaTeX Warning: Reference `tab:SGIP_AIC' on page 39 undefined on input line 33.


LaTeX Warning: Reference `tab:SGIP_AIC' on page 39 undefined on input line 35.


Package natbib Warning: Citation `cobbdouglas1928' on page 39 undefined on inpu
t line 35.


LaTeX Warning: Reference `eq:CD' on page 39 undefined on input line 39.


Package natbib Warning: Citation `kmenta1967' on page 39 undefined on input lin
e 41.


LaTeX Warning: Reference `eq:TL' on page 39 undefined on input line 46.


LaTeX Warning: Reference `eq:TL' on page 39 undefined on input line 46.

[39]

LaTeX Warning: Reference `tab:CD_vs_TL' on page 40 undefined on input line 48.

(tables/CD_vs_TL.tex)

LaTeX Warning: Reference `fig:CD_vs_TL_resids' on page 40 undefined on input li
ne 55.


LaTeX Warning: Reference `fig:CD_vs_TL_resids' on page 40 undefined on input li
ne 55.


Package natbib Warning: Citation `cleveland1979' on page 40 undefined on input 
line 55.

[40]
<./graphs//CA_SGIP/cobb_douglas_resids.png, id=467, 1613.02625pt x 1173.38374pt
>
File: ./graphs//CA_SGIP/cobb_douglas_resids.png Graphic file (type png)
<use ./graphs//CA_SGIP/cobb_douglas_resids.png>
Package pdftex.def Info: ./graphs//CA_SGIP/cobb_douglas_resids.png  used on inp
ut line 59.
(pdftex.def)             Requested size: 195.0pt x 141.83842pt.
<./graphs//CA_SGIP/translog_resids.png, id=468, 1613.02625pt x 1173.38374pt>
File: ./graphs//CA_SGIP/translog_resids.png Graphic file (type png)
<use ./graphs//CA_SGIP/translog_resids.png>
Package pdftex.def Info: ./graphs//CA_SGIP/translog_resids.png  used on input l
ine 60.
(pdftex.def)             Requested size: 195.0pt x 141.83842pt.
 [41 <./graphs//CA_SGIP/cobb_douglas_resids.png (PNG copy)> <./graphs//CA_SGIP/
translog_resids.png (PNG copy)>]
Overfull \hbox (5.98154pt too wide) in paragraph at lines 68--68
[]\OT1/cmr/m/it/12 Marginal Cost of En-ergy Ca-pac-ity: Cobb-Douglas vs. Transl
og 
 []


LaTeX Warning: Reference `eq:TL' on page 42 undefined on input line 72.


LaTeX Warning: Reference `tab:MC_estimates' on page 42 undefined on input line 
74.


LaTeX Warning: Reference `eq:CD' on page 42 undefined on input line 74.

[42]

LaTeX Warning: Reference `fig:TSLA_cost_adv' on page 43 undefined on input line
 80.


LaTeX Warning: Reference `eq:predict_TL' on page 43 undefined on input line 80.


[43] (tables/MC_estimates.tex) [44

]

LaTeX Warning: Reference `apdx:model_selection' on page 45 undefined on input l
ine 94.


Overfull \hbox (15.18915pt too wide) in paragraph at lines 94--95
[]\OT1/cmr/m/n/12 I present ev-i-dence from two in-dus-tries anal-o-gous to BTM
 BESS to strengthen
 []


LaTeX Warning: Reference `tab:TTS_AIC' on page 45 undefined on input line 98.

(tables/TTS_AIC.tex)

LaTeX Warning: Reference `tab:portable_AIC' on page 45 undefined on input line 
106.

[45

] (tables/portable_AIC.tex)

LaTeX Warning: Reference `sec:linear_lit' on page 46 undefined on input line 11
6.


LaTeX Warning: Reference `tab:SGIP_AIC' on page 46 undefined on input line 116.



Package natbib Warning: Citation `augustineblair2021' on page 46 undefined on i
nput line 116.


pdfTeX warning (ext4): destination with the same identifier (name{equation.B.3}
) has been already used, duplicate ignored
<to be read again> 
                   \relax 
l.118 \begin{equation}
                      \label{eq:augustineblair2021}
pdfTeX warning (ext4): destination with the same identifier (name{equation.B.3}
) has been already used, duplicate ignored
<to be read again> 
                   \relax 
l.118 \begin{equation}
                      \label{eq:augustineblair2021}
pdfTeX warning (ext4): destination with the same identifier (name{equation.B.3}
) has been already used, duplicate ignored
<to be read again> 
                   \relax 
l.118 \begin{equation}
                      \label{eq:augustineblair2021}
pdfTeX warning (ext4): destination with the same identifier (name{equation.B.3}
) has been already used, duplicate ignored
<to be read again> 
                   \relax 
l.118 \begin{equation}
                      \label{eq:augustineblair2021}

Package natbib Warning: Citation `augustineblair2021' on page 46 undefined on i
nput line 122.


LaTeX Warning: Reference `eq:augustineblair2021' on page 46 undefined on input 
line 122.


LaTeX Warning: Reference `tab:SGIP_AIC' on page 46 undefined on input line 122.



Package natbib Warning: Citation `augustineblair2021' on page 46 undefined on i
nput line 122.


LaTeX Warning: Reference `fig:linear_fc' on page 46 undefined on input line 122
.


LaTeX Warning: Reference `fig:linear_ecc' on page 46 undefined on input line 12
2.


LaTeX Warning: Reference `fig:linear_pcc' on page 46 undefined on input line 12
2.

[46]

pdfTeX warning: pdflatex.exe (file ./graphs//CA_SGIP/linear_fc.pdf): PDF inclus
ion: found PDF version <1.6>, but at most version <1.5> allowed
<./graphs//CA_SGIP/linear_fc.pdf, id=508, 397.485pt x 289.08pt>
File: ./graphs//CA_SGIP/linear_fc.pdf Graphic file (type pdf)
<use ./graphs//CA_SGIP/linear_fc.pdf>
Package pdftex.def Info: ./graphs//CA_SGIP/linear_fc.pdf  used on input line 12
6.
(pdftex.def)             Requested size: 390.0pt x 283.64493pt.

LaTeX Warning: Reference `eq:augustineblair2021' on page 47 undefined on input 
line 127.


LaTeX Warning: Reference `eq:augustineblair2021' on page 47 undefined on input 
line 127.



pdfTeX warning: pdflatex.exe (file ./graphs//CA_SGIP/linear_ecc.pdf): PDF inclu
sion: found PDF version <1.6>, but at most version <1.5> allowed
<./graphs//CA_SGIP/linear_ecc.pdf, id=509, 397.485pt x 289.08pt>
File: ./graphs//CA_SGIP/linear_ecc.pdf Graphic file (type pdf)
<use ./graphs//CA_SGIP/linear_ecc.pdf>
Package pdftex.def Info: ./graphs//CA_SGIP/linear_ecc.pdf  used on input line 1
32.
(pdftex.def)             Requested size: 350.99762pt x 255.27779pt.

LaTeX Warning: Reference `eq:augustineblair2021' on page 47 undefined on input 
line 133.


LaTeX Warning: Reference `eq:augustineblair2021' on page 47 undefined on input 
line 133.



pdfTeX warning: pdflatex.exe (file ./graphs//CA_SGIP/linear_pcc.pdf): PDF inclu
sion: found PDF version <1.6>, but at most version <1.5> allowed
<./graphs//CA_SGIP/linear_pcc.pdf, id=510, 397.485pt x 289.08pt>
File: ./graphs//CA_SGIP/linear_pcc.pdf Graphic file (type pdf)
<use ./graphs//CA_SGIP/linear_pcc.pdf>
Package pdftex.def Info: ./graphs//CA_SGIP/linear_pcc.pdf  used on input line 1
35.
(pdftex.def)             Requested size: 350.99762pt x 255.27779pt.

LaTeX Warning: Reference `eq:augustineblair2021' on page 47 undefined on input 
line 136.


LaTeX Warning: Reference `eq:augustineblair2021' on page 47 undefined on input 
line 136.


LaTeX Warning: Float too large for page by 7.05557pt on input line 137.

) [47 <./graphs//CA_SGIP/linear_fc.pdf>] [48 <./graphs//CA_SGIP/linear_ecc.pdf>
 <./graphs//CA_SGIP/linear_pcc.pdf>] (appendices/cobb_douglas.tex

LaTeX Warning: Reference `reg:predict_CD' on page 49 undefined on input line 3.



LaTeX Warning: Reference `eq:predict_CD' on page 49 undefined on input line 3.


LaTeX Warning: Reference `eq:predict_TL' on page 49 undefined on input line 3.

(tables/reg/predict_CD.tex)

LaTeX Warning: Reference `eq:predict_CD' on page 49 undefined on input line 13.



LaTeX Warning: Reference `eq:predict_CD' on page 49 undefined on input line 13.


[49]

LaTeX Warning: Reference `eq:predict_CD' on page 50 undefined on input line 24.


[50]

LaTeX Warning: Reference `reg:CD_portable' on page 51 undefined on input line 2
6.

(tables/reg/CD_portable.tex
Overfull \hbox (10.18239pt too wide) in paragraph at lines 16--16
 []|\OT1/cmr/m/n/12 Manufacturer| 
 []

)

pdfTeX warning: pdflatex.exe (file ./graphs/CA_SGIP/CSCI_CD.pdf): PDF inclusion
: found PDF version <1.6>, but at most version <1.5> allowed
<graphs/CA_SGIP/CSCI_CD.pdf, id=572, 397.485pt x 289.08pt>
File: graphs/CA_SGIP/CSCI_CD.pdf Graphic file (type pdf)
<use graphs/CA_SGIP/CSCI_CD.pdf>
Package pdftex.def Info: graphs/CA_SGIP/CSCI_CD.pdf  used on input line 37.
(pdftex.def)             Requested size: 390.0pt x 283.64493pt.

LaTeX Warning: Reference `eq:CD' on page 51 undefined on input line 38.


LaTeX Warning: Reference `eq:CD' on page 51 undefined on input line 38.


LaTeX Warning: Reference `fig:CSCI_CD' on page 51 undefined on input line 41.


LaTeX Warning: Reference `reg:predict_CD' on page 51 undefined on input line 41
.


LaTeX Warning: Reference `eq:CSCI' on page 51 undefined on input line 41.


LaTeX Warning: Reference `fig:CSCI_TL' on page 51 undefined on input line 41.

) (appendices/TL_interpretation.tex

LaTeX Warning: Reference `eq:predict_TL' on page 51 undefined on input line 3.

[51]

LaTeX Warning: Reference `eq:predict_TL' on page 52 undefined on input line 8.


LaTeX Warning: Reference `eq:predict_TL' on page 52 undefined on input line 8.

[52 <./graphs/CA_SGIP/CSCI_CD.pdf>]

LaTeX Warning: Reference `eq:predict_TL' on page 53 undefined on input line 24.



LaTeX Warning: Reference `eq:MC_defs' on page 53 undefined on input line 24.


LaTeX Warning: Reference `eq:predict_TL' on page 53 undefined on input line 31.



LaTeX Warning: Reference `eq:predict_TL' on page 53 undefined on input line 41.



LaTeX Warning: Reference `eq:MC_TC' on page 53 undefined on input line 41.


Package natbib Warning: Citation `miller1984' on page 53 undefined on input lin
e 41.

[53]

LaTeX Warning: Reference `eq:TC_hat' on page 54 undefined on input line 50.


LaTeX Warning: Reference `eq:lnTC_partials' on page 54 undefined on input line 
50.


LaTeX Warning: Reference `eq:MC_TC' on page 54 undefined on input line 50.


LaTeX Warning: Reference `eq:lnTC_partial_d' on page 54 undefined on input line
 63.


LaTeX Warning: Reference `eq:MCd_result' on page 54 undefined on input line 63.


[54]

LaTeX Warning: Reference `eq:eos_def' on page 55 undefined on input line 75.


LaTeX Warning: Reference `eq:predict_TL' on page 55 undefined on input line 75.



LaTeX Warning: Reference `eq:eos_TL' on page 55 undefined on input line 95.

) (appendices/prediction_interval.tex

LaTeX Warning: Reference `sec:lit_uncertainty' on page 55 undefined on input li
ne 3.

[55]

LaTeX Warning: Reference `eq:predict_TL' on page 56 undefined on input line 19.



LaTeX Warning: Reference `tab:PI_notation' on page 56 undefined on input line 1
9.


LaTeX Warning: Reference `eq:predict_TL' on page 56 undefined on input line 27.



LaTeX Warning: Reference `eq:pi_normal' on page 56 undefined on input line 27.


LaTeX Warning: Reference `eq:predict_TL' on page 56 undefined on input line 27.



LaTeX Warning: Reference `eq:pi_normal' on page 56 undefined on input line 27.


Overfull \hbox (23.34746pt too wide) detected at line 27
[]
 []

[56]

Package natbib Warning: Citation `kotz2001' on page 57 undefined on input line 
31.


Package natbib Warning: Citation `kotz2001' on page 57 undefined on input line 
37.


Overfull \hbox (0.97095pt too wide) in paragraph at lines 43--44
[]\OT1/cmr/m/n/12 Hence, the pre-dic-tion in-ter-val un-der the as-sump-tion of
 Laplace dis-tributed
 []

(tables/PI_notation.tex)

LaTeX Warning: Reference `eq:pi_normal' on page 57 undefined on input line 52.


LaTeX Warning: Reference `eq:pi_normal' on page 57 undefined on input line 52.

)

Package natbib Warning: There were undefined citations.

[57] [58] (manuscript_1.31.23.aux)

LaTeX Warning: There were undefined references.


LaTeX Warning: Label(s) may have changed. Rerun to get cross-references right.


Package rerunfilecheck Warning: File `manuscript_1.31.23.out' has changed.
(rerunfilecheck)                Rerun to get outlines right
(rerunfilecheck)                or use package `bookmark'.

Package rerunfilecheck Info: Checksums for `manuscript_1.31.23.out':
(rerunfilecheck)             Before: <no file>
(rerunfilecheck)             After:  D129C1DE77300AF94C37519CD3A5ED12;8491.
 ) 
Here is how much of TeX's memory you used:
 13608 strings out of 478337
 229611 string characters out of 2836666
 608190 words of memory out of 3000000
 31527 multiletter control sequences out of 15000+600000
 479275 words of font info for 66 fonts, out of 8000000 for 9000
 1141 hyphenation exceptions out of 8191
 72i,16n,79p,1620b,690s stack positions out of 10000i,1000n,20000p,200000b,80000s
 <C:\Users\agben\AppData\Local\MiKTeX\fonts/pk/ljfour/jknappen/ec/dpi600\tcrm
1200.pk><C:/Users/agben/AppData/Local/Programs/MiKTeX/fonts/type1/public/amsfon
ts/cm/cmbx10.pfb><C:/Users/agben/AppData/Local/Programs/MiKTeX/fonts/type1/publ
ic/amsfonts/cm/cmbx12.pfb><C:/Users/agben/AppData/Local/Programs/MiKTeX/fonts/t
ype1/public/amsfonts/cm/cmex10.pfb><C:/Users/agben/AppData/Local/Programs/MiKTe
X/fonts/type1/public/amsfonts/cm/cmmi10.pfb><C:/Users/agben/AppData/Local/Progr
ams/MiKTeX/fonts/type1/public/amsfonts/cm/cmmi12.pfb><C:/Users/agben/AppData/Lo
cal/Programs/MiKTeX/fonts/type1/public/amsfonts/cm/cmmi7.pfb><C:/Users/agben/Ap
pData/Local/Programs/MiKTeX/fonts/type1/public/amsfonts/cm/cmmi8.pfb><C:/Users/
agben/AppData/Local/Programs/MiKTeX/fonts/type1/public/amsfonts/cm/cmr10.pfb><C
:/Users/agben/AppData/Local/Programs/MiKTeX/fonts/type1/public/amsfonts/cm/cmr1
2.pfb><C:/Users/agben/AppData/Local/Programs/MiKTeX/fonts/type1/public/amsfonts
/cm/cmr17.pfb><C:/Users/agben/AppData/Local/Programs/MiKTeX/fonts/type1/public/
amsfonts/cm/cmr6.pfb><C:/Users/agben/AppData/Local/Programs/MiKTeX/fonts/type1/
public/amsfonts/cm/cmr7.pfb><C:/Users/agben/AppData/Local/Programs/MiKTeX/fonts
/type1/public/amsfonts/cm/cmr8.pfb><C:/Users/agben/AppData/Local/Programs/MiKTe
X/fonts/type1/public/amsfonts/cm/cmsy10.pfb><C:/Users/agben/AppData/Local/Progr
ams/MiKTeX/fonts/type1/public/amsfonts/cm/cmsy7.pfb><C:/Users/agben/AppData/Loc
al/Programs/MiKTeX/fonts/type1/public/amsfonts/cm/cmsy8.pfb><C:/Users/agben/App
Data/Local/Programs/MiKTeX/fonts/type1/public/amsfonts/cm/cmti10.pfb><C:/Users/
agben/AppData/Local/Programs/MiKTeX/fonts/type1/public/amsfonts/cm/cmti12.pfb><
C:/Users/agben/AppData/Local/Programs/MiKTeX/fonts/type1/public/amsfonts/cm/cmt
i7.pfb><C:/Users/agben/AppData/Local/Programs/MiKTeX/fonts/type1/public/amsfont
s/cm/cmti8.pfb><C:/Users/agben/AppData/Local/Programs/MiKTeX/fonts/type1/public
/amsfonts/cm/cmtt10.pfb><C:/Users/agben/AppData/Local/Programs/MiKTeX/fonts/typ
e1/public/amsfonts/cm/cmtt12.pfb>
Output written on manuscript_1.31.23.pdf (58 pages, 2472073 bytes).
PDF statistics:
 796 PDF objects out of 1000 (max. 8388607)
 207 named destinations out of 1000 (max. 500000)
 106 words of extra memory for PDF output out of 10000 (max. 10000000)

